生成启动时间为 2015/12/10 17:50:55。
     1>项目“d:\workdata\mydocument\visual studio 2015\Projects\QQSenderRobot\ClipboardQQSender\ClipboardQQSender.vcxproj”在节点 3 上(Rebuild 个目标)。
     1>ClCompile:
         C:\Program Files\Microsoft Visual Studio 14.0\VC\bin\CL.exe /c /Zi /nologo /W3 /WX- /sdl /O2 /Oi /Oy- /GL /D WIN32 /D NDEBUG /D _WINDOWS /D _USRDLL /D CLIPBOARDQQSENDER_EXPORTS /D _WINDLL /D _UNICODE /D UNICODE /Gm- /EHsc /MD /GS /Gy /fp:precise /Zc:wchar_t /Zc:forScope /Zc:inline /Yc"stdafx.h" /Fp"Release\ClipboardQQSender.pch" /Fo"Release\\" /Fd"Release\vc140.pdb" /Gd /TP /analyze- /errorReport:prompt stdafx.cpp
         stdafx.cpp
         C:\Program Files\Microsoft Visual Studio 14.0\VC\bin\CL.exe /c /Zi /nologo /W3 /WX- /sdl /O2 /Oi /Oy- /GL /D WIN32 /D NDEBUG /D _WINDOWS /D _USRDLL /D CLIPBOARDQQSENDER_EXPORTS /D _WINDLL /D _UNICODE /D UNICODE /Gm- /EHsc /MD /GS /Gy /fp:precise /Zc:wchar_t /Zc:forScope /Zc:inline /Yu"stdafx.h" /Fp"Release\ClipboardQQSender.pch" /Fo"Release\\" /Fd"Release\vc140.pdb" /Gd /TP /analyze- /errorReport:prompt ClipboardQQSender.cpp Sender.cpp
         ClipboardQQSender.cpp
         Sender.cpp
         C:\Program Files\Microsoft Visual Studio 14.0\VC\bin\CL.exe /c /Zi /nologo /W3 /WX- /sdl /O2 /Oi /Oy- /GL /D WIN32 /D NDEBUG /D _WINDOWS /D _USRDLL /D CLIPBOARDQQSENDER_EXPORTS /D _WINDLL /D _UNICODE /D UNICODE /Gm- /EHsc /MD /GS /Gy /fp:precise /Zc:wchar_t /Zc:forScope /Zc:inline /Fo"Release\\" /Fd"Release\vc140.pdb" /Gd /TP /analyze- /errorReport:prompt dllmain.cpp
         dllmain.cpp
       Link:
         C:\Program Files\Microsoft Visual Studio 14.0\VC\bin\link.exe /ERRORREPORT:PROMPT /OUT:"d:\workdata\mydocument\visual studio 2015\Projects\QQSenderRobot\Release\ClipboardQQSender.dll" /INCREMENTAL:NO /NOLOGO kernel32.lib user32.lib gdi32.lib winspool.lib comdlg32.lib advapi32.lib shell32.lib ole32.lib oleaut32.lib uuid.lib odbc32.lib odbccp32.lib /MANIFEST /MANIFESTUAC:"level='asInvoker' uiAccess='false'" /manifest:embed /Debug /PDB:"d:\workdata\mydocument\visual studio 2015\Projects\QQSenderRobot\Release\ClipboardQQSender.pdb" /SUBSYSTEM:WINDOWS /OPT:REF /OPT:ICF /LTCG:incremental /TLBID:1 /DYNAMICBASE /NXCOMPAT /IMPLIB:"d:\workdata\mydocument\visual studio 2015\Projects\QQSenderRobot\Release\ClipboardQQSender.lib" /MACHINE:X86 /SAFESEH /DLL Release\ClipboardQQSender.obj
         Release\dllmain.obj
         Release\Sender.obj
         Release\stdafx.obj
           正在创建库 d:\workdata\mydocument\visual studio 2015\Projects\QQSenderRobot\Release\ClipboardQQSender.lib 和对象 d:\workdata\mydocument\visual studio 2015\Projects\QQSenderRobot\Release\ClipboardQQSender.exp
         正在生成代码
         All 9 functions were compiled because no usable IPDB/IOBJ from previous compilation was found.
         已完成代码的生成
         ClipboardQQSender.vcxproj -> d:\workdata\mydocument\visual studio 2015\Projects\QQSenderRobot\Release\ClipboardQQSender.dll
     1>已完成生成项目“d:\workdata\mydocument\visual studio 2015\Projects\QQSenderRobot\ClipboardQQSender\ClipboardQQSender.vcxproj”(Rebuild 个目标)的操作。

已成功生成。

已用时间 00:00:04.15
