e:\vsprojects\projects\qqsenderrobot\sendclipboard2qq\debug\sendclipboard2qq.pch
e:\vsprojects\projects\qqsenderrobot\sendclipboard2qq\debug\vc140.pdb
e:\vsprojects\projects\qqsenderrobot\sendclipboard2qq\debug\vc140.idb
e:\vsprojects\projects\qqsenderrobot\sendclipboard2qq\debug\stdafx.obj
e:\vsprojects\projects\qqsenderrobot\sendclipboard2qq\debug\sendclipboard2qq.obj
e:\vsprojects\projects\qqsenderrobot\debug\sendclipboard2qq.ilk
e:\vsprojects\projects\qqsenderrobot\debug\sendclipboard2qq.dll
e:\vsprojects\projects\qqsenderrobot\debug\sendclipboard2qq.pdb
e:\vsprojects\projects\qqsenderrobot\sendclipboard2qq\debug\sendclipboard2qq.res
e:\vsprojects\projects\qqsenderrobot\debug\sendclipboard2qq.lib
e:\vsprojects\projects\qqsenderrobot\debug\sendclipboard2qq.exp
e:\vsprojects\projects\qqsenderrobot\sendclipboard2qq\debug\sendclipboard2qq.tlog\cl.command.1.tlog
e:\vsprojects\projects\qqsenderrobot\sendclipboard2qq\debug\sendclipboard2qq.tlog\cl.read.1.tlog
e:\vsprojects\projects\qqsenderrobot\sendclipboard2qq\debug\sendclipboard2qq.tlog\cl.write.1.tlog
e:\vsprojects\projects\qqsenderrobot\sendclipboard2qq\debug\sendclipboard2qq.tlog\link.command.1.tlog
e:\vsprojects\projects\qqsenderrobot\sendclipboard2qq\debug\sendclipboard2qq.tlog\link.read.1.tlog
e:\vsprojects\projects\qqsenderrobot\sendclipboard2qq\debug\sendclipboard2qq.tlog\link.write.1.tlog
e:\vsprojects\projects\qqsenderrobot\sendclipboard2qq\debug\sendclipboard2qq.tlog\rc.command.1.tlog
e:\vsprojects\projects\qqsenderrobot\sendclipboard2qq\debug\sendclipboard2qq.tlog\rc.read.1.tlog
e:\vsprojects\projects\qqsenderrobot\sendclipboard2qq\debug\sendclipboard2qq.tlog\rc.write.1.tlog
e:\vsprojects\projects\qqsenderrobot\sendclipboard2qq\debug\sendclipboard2qq.tlog\sendclipboard2qq.write.1u.tlog
